[debug] [2020-04-13T00:08:06.673Z] ----------------------------------------------------------------------
[debug] [2020-04-13T00:08:06.676Z] Command:       F:\Node\node.exe C:\Users\jon jr\AppData\Roaming\npm\node_modules\firebase-tools\lib\bin\firebase.js deploy
[debug] [2020-04-13T00:08:06.676Z] CLI Version:   8.0.2
[debug] [2020-04-13T00:08:06.676Z] Platform:      win32
[debug] [2020-04-13T00:08:06.676Z] Node Version:  v12.14.1
[debug] [2020-04-13T00:08:06.678Z] Time:          Sun Apr 12 2020 17:08:06 GMT-0700 (Pacific Daylight Time)
[debug] [2020-04-13T00:08:06.678Z] ----------------------------------------------------------------------
[debug] [2020-04-13T00:08:06.678Z] 
[debug] [2020-04-13T00:08:06.689Z] > command requires scopes: ["email","openid","https://www.googleapis.com/auth/cloudplatformprojects.readonly","https://www.googleapis.com/auth/firebase","https://www.googleapis.com/auth/cloud-platform"]
[debug] [2020-04-13T00:08:06.690Z] > authorizing via signed-in user
[debug] [2020-04-13T00:08:06.690Z] [iam] checking project appone-fa3b8 for permissions ["cloudfunctions.functions.create","cloudfunctions.functions.delete","cloudfunctions.functions.get","cloudfunctions.functions.list","cloudfunctions.functions.update","cloudfunctions.operations.get","firebase.projects.get","firebasedatabase.instances.update","firebasehosting.sites.update","firebaserules.releases.create","firebaserules.releases.update","firebaserules.rulesets.create"]
[debug] [2020-04-13T00:08:06.694Z] >>> HTTP REQUEST POST https://cloudresourcemanager.googleapis.com/v1/projects/appone-fa3b8:testIamPermissions  
 {"permissions":["cloudfunctions.functions.create","cloudfunctions.functions.delete","cloudfunctions.functions.get","cloudfunctions.functions.list","cloudfunctions.functions.update","cloudfunctions.operations.get","firebase.projects.get","firebasedatabase.instances.update","firebasehosting.sites.update","firebaserules.releases.create","firebaserules.releases.update","firebaserules.rulesets.create"]}
[debug] [2020-04-13T00:08:06.925Z] <<< HTTP RESPONSE 200 {"content-type":"application/json; charset=UTF-8","vary":"X-Origin, Referer, Origin,Accept-Encoding","date":"Sun, 12 Apr 2020 22:07:37 GMT","server":"ESF","cache-control":"private","x-xss-protection":"0","x-frame-options":"SAMEORIGIN","x-content-type-options":"nosniff","server-timing":"gfet4t7; dur=89","alt-svc":"quic=\":443\"; ma=2592000; v=\"46,43\",h3-Q050=\":443\"; ma=2592000,h3-Q049=\":443\"; ma=2592000,h3-Q048=\":443\"; ma=2592000,h3-Q046=\":443\"; ma=2592000,h3-Q043=\":443\"; ma=2592000,h3-T050=\":443\"; ma=2592000","accept-ranges":"none","transfer-encoding":"chunked"}
[debug] [2020-04-13T00:08:06.927Z] >>> HTTP REQUEST POST https://iam.googleapis.com/v1/projects/appone-fa3b8/serviceAccounts/appone-fa3b8@appspot.gserviceaccount.com:testIamPermissions  
 {"permissions":["iam.serviceAccounts.actAs"]}
[debug] [2020-04-13T00:08:07.277Z] <<< HTTP RESPONSE 200 {"content-type":"application/json; charset=UTF-8","vary":"X-Origin, Referer, Origin,Accept-Encoding","date":"Sun, 12 Apr 2020 22:07:37 GMT","server":"ESF","cache-control":"private","x-xss-protection":"0","x-frame-options":"SAMEORIGIN","x-content-type-options":"nosniff","alt-svc":"quic=\":443\"; ma=2592000; v=\"46,43\",h3-Q050=\":443\"; ma=2592000,h3-Q049=\":443\"; ma=2592000,h3-Q048=\":443\"; ma=2592000,h3-Q046=\":443\"; ma=2592000,h3-Q043=\":443\"; ma=2592000,h3-T050=\":443\"; ma=2592000","accept-ranges":"none","transfer-encoding":"chunked"}
[debug] [2020-04-13T00:08:07.279Z] >>> HTTP REQUEST GET https://firebase.googleapis.com/v1beta1/projects/appone-fa3b8  
 
[debug] [2020-04-13T00:08:07.629Z] <<< HTTP RESPONSE 200 {"content-type":"application/json; charset=UTF-8","vary":"X-Origin, Referer, Origin,Accept-Encoding","date":"Sun, 12 Apr 2020 22:07:38 GMT","server":"ESF","cache-control":"private","x-xss-protection":"0","x-frame-options":"SAMEORIGIN","x-content-type-options":"nosniff","alt-svc":"quic=\":443\"; ma=2592000; v=\"46,43\",h3-Q050=\":443\"; ma=2592000,h3-Q049=\":443\"; ma=2592000,h3-Q048=\":443\"; ma=2592000,h3-Q046=\":443\"; ma=2592000,h3-Q043=\":443\"; ma=2592000,h3-T050=\":443\"; ma=2592000","accept-ranges":"none","transfer-encoding":"chunked"}
[info] 
[info] === Deploying to 'appone-fa3b8'...
[info] 
[info] i  deploying database, storage, functions, hosting
[debug] [2020-04-13T00:08:10.205Z] TypeError: rulesConfig.forEach is not a function
    at module.exports (C:\Users\jon jr\AppData\Roaming\npm\node_modules\firebase-tools\lib\deploy\database\prepare.js:20:17)
    at _chain (C:\Users\jon jr\AppData\Roaming\npm\node_modules\firebase-tools\lib\deploy\index.js:22:40)
    at C:\Users\jon jr\AppData\Roaming\npm\node_modules\firebase-tools\lib\deploy\index.js:63:16
    at processTicksAndRejections (internal/process/task_queues.js:94:5)
[error] 
[error] Error: An unexpected error has occurred.
